This file contains any messages produced by compilers while
running configure, to aid debugging if configure makes a mistake.

It was created by sextractor configure 2.23.2, which was
generated by GNU Autoconf 2.69.  Invocation command line was

  $ ./configure --prefix=/Users/kong.291/Documents/test

## --------- ##
## Platform. ##
## --------- ##

hostname = cosmos33.asc.ohio-state.edu
uname -m = x86_64
uname -r = 17.6.0
uname -s = Darwin
uname -v = Darwin Kernel Version 17.6.0: Tue May  8 15:22:16 PDT 2018; root:xnu-4570.61.1~1/RELEASE_X86_64

/usr/bin/uname -p = i386
/bin/uname -X     = unknown

/bin/arch              = unknown
/usr/bin/arch -k       = unknown
/usr/convex/getsysinfo = unknown
/usr/bin/hostinfo      = Mach kernel version:
	 Darwin Kernel Version 17.6.0: Tue May  8 15:22:16 PDT 2018; root:xnu-4570.61.1~1/RELEASE_X86_64
Kernel configured for up to 4 processors.
4 processors are physically available.
4 processors are logically available.
Processor type: x86_64h (Intel x86-64h Haswell)
Processors active: 0 1 2 3
Primary memory available: 8.00 gigabytes
Default processor set: 378 tasks, 1734 threads, 4 processors
Load average: 2.05, Mach factor: 2.07
/bin/machine           = unknown
/usr/bin/oslevel       = unknown
/bin/universe          = unknown

PATH: /usr/local/bin
PATH: /usr/bin
PATH: /bin
PATH: /usr/sbin
PATH: /sbin
PATH: /opt/X11/bin
PATH: /usr/texbin


## ----------- ##
## Core tests. ##
## ----------- ##

configure:2357: checking for a BSD-compatible install
configure:2425: result: /usr/bin/install -c
configure:2436: checking whether build environment is sane
configure:2491: result: yes
configure:2642: checking for a thread-safe mkdir -p
configure:2681: result: autoconf/install-sh -c -d
configure:2688: checking for gawk
configure:2718: result: no
configure:2688: checking for mawk
configure:2718: result: no
configure:2688: checking for nawk
configure:2718: result: no
configure:2688: checking for awk
configure:2704: found /usr/bin/awk
configure:2715: result: awk
configure:2726: checking whether make sets $(MAKE)
configure:2752: result: no
configure:2880: result: *********** Configuring:  sextractor 2.23.2 (2018-09-02) **********
configure:2884: checking if compilation flags should be set automatically
configure:2891: result: no
configure:2897: checking whether we should use the INTEL compiler
configure:2905: result: no
configure:2912: checking whether we should use INTEL's MKL
configure:2921: result: no
configure:2946: checking for style of include used by make
configure:2974: result: none
configure:3045: checking for gcc
configure:3061: found /usr/bin/gcc
configure:3072: result: gcc
configure:3301: checking for C compiler version
configure:3310: gcc --version >&5


Agreeing to the Xcode/iOS license requires admin privileges, please run “sudo xcodebuild -license” and then retry this command.


configure:3321: $? = 69
configure:3310: gcc -v >&5


Agreeing to the Xcode/iOS license requires admin privileges, please run “sudo xcodebuild -license” and then retry this command.


configure:3321: $? = 69
configure:3310: gcc -V >&5


Agreeing to the Xcode/iOS license requires admin privileges, please run “sudo xcodebuild -license” and then retry this command.


configure:3321: $? = 69
configure:3310: gcc -qversion >&5


Agreeing to the Xcode/iOS license requires admin privileges, please run “sudo xcodebuild -license” and then retry this command.


configure:3321: $? = 69
configure:3341: checking whether the C compiler works
configure:3363: gcc    conftest.c  >&5


Agreeing to the Xcode/iOS license requires admin privileges, please run “sudo xcodebuild -license” and then retry this command.


configure:3367: $? = 69
configure:3405: result: no
configure: failed program was:
| /* confdefs.h */
| #define PACKAGE_NAME "sextractor"
| #define PACKAGE_TARNAME "sextractor"
| #define PACKAGE_VERSION "2.23.2"
| #define PACKAGE_STRING "sextractor 2.23.2"
| #define PACKAGE_BUGREPORT "bertin@iap.fr"
| #define PACKAGE_URL ""
| #define PACKAGE "sextractor"
| #define VERSION "2.23.2"
| #define DATE "2018-09-02"
| /* end confdefs.h.  */
| 
| int
| main ()
| {
| 
|   ;
|   return 0;
| }
configure:3410: error: in `/Users/kong.291/Documents/docker/trunk.r382':
configure:3412: error: C compiler cannot create executables
See `config.log' for more details

## ---------------- ##
## Cache variables. ##
## ---------------- ##

ac_cv_env_CC_set=
ac_cv_env_CC_value=
ac_cv_env_CFLAGS_set=
ac_cv_env_CFLAGS_value=
ac_cv_env_CPPFLAGS_set=
ac_cv_env_CPPFLAGS_value=
ac_cv_env_CPP_set=
ac_cv_env_CPP_value=
ac_cv_env_LDFLAGS_set=
ac_cv_env_LDFLAGS_value=
ac_cv_env_LIBS_set=
ac_cv_env_LIBS_value=
ac_cv_env_build_alias_set=
ac_cv_env_build_alias_value=
ac_cv_env_host_alias_set=
ac_cv_env_host_alias_value=
ac_cv_env_target_alias_set=
ac_cv_env_target_alias_value=
ac_cv_path_install='/usr/bin/install -c'
ac_cv_prog_AWK=awk
ac_cv_prog_ac_ct_CC=gcc
ac_cv_prog_make_make_set=no

## ----------------- ##
## Output variables. ##
## ----------------- ##

ACLOCAL='${SHELL} /Users/kong.291/Documents/docker/trunk.r382/autoconf/missing --run aclocal-1.12'
AMDEPBACKSLASH='\'
AMDEP_FALSE='#'
AMDEP_TRUE=''
AMTAR='$${TAR-tar}'
AM_CFLAGS=''
AM_CPPFLAGS=''
AM_LDFLAGS=''
AR=''
ATLAS_CFLAGS=''
ATLAS_ERROR=''
ATLAS_LIBPATH=''
ATLAS_LIBS=''
ATLAS_WARN=''
AUTOCONF='${SHELL} /Users/kong.291/Documents/docker/trunk.r382/autoconf/missing --run autoconf'
AUTOHEADER='${SHELL} /Users/kong.291/Documents/docker/trunk.r382/autoconf/missing --run autoheader'
AUTOMAKE='${SHELL} /Users/kong.291/Documents/docker/trunk.r382/autoconf/missing --run automake-1.12'
AWK='awk'
CC='gcc'
CCDEPMODE=''
CFLAGS=''
CPP=''
CPPFLAGS=''
CYGPATH_W='echo'
DATE2='Sun Sep 02 2018'
DATE3='September 2018'
DEFS=''
DEPDIR='.deps'
DLLTOOL=''
DSYMUTIL=''
DUMPBIN=''
ECHO_C='\c'
ECHO_N=''
ECHO_T=''
EGREP=''
EXEEXT=''
FFTW_ERROR=''
FFTW_LIBS=''
FFTW_WARN=''
FGREP=''
GREP=''
INSTALL_DATA='${INSTALL} -m 644'
INSTALL_PROGRAM='${INSTALL}'
INSTALL_SCRIPT='${INSTALL}'
INSTALL_STRIP_PROGRAM='$(install_sh) -c -s'
LD=''
LDFLAGS=''
LIBOBJS=''
LIBS=''
LIBTOOL=''
LIPO=''
LN_S=''
LTLIBOBJS=''
MAKEINFO='${SHELL} /Users/kong.291/Documents/docker/trunk.r382/autoconf/missing --run makeinfo'
MANIFEST_TOOL=''
MKDIR_P='autoconf/install-sh -c -d'
MKL_CFLAGS=''
MKL_LDFLAGS=''
MKL_LIBS=''
MKL_WARN=''
NM=''
NMEDIT=''
OBJDUMP=''
OBJEXT=''
OTOOL64=''
OTOOL=''
PACKAGE='sextractor'
PACKAGER='Emmanuel Bertin'
PACKAGE_BUGREPORT='bertin@iap.fr'
PACKAGE_NAME='sextractor'
PACKAGE_STRING='sextractor 2.23.2'
PACKAGE_TARNAME='sextractor'
PACKAGE_URL=''
PACKAGE_VERSION='2.23.2'
PATH_SEPARATOR=':'
PTHREAD_CC=''
PTHREAD_CFLAGS=''
PTHREAD_LIBS=''
RANLIB=''
SED=''
SET_MAKE='MAKE=make'
SHELL='/bin/sh'
STRIP=''
USE_MODEL_FALSE=''
USE_MODEL_TRUE=''
USE_THREADS_FALSE=''
USE_THREADS_TRUE=''
VERSION='2.23.2'
ac_ct_AR=''
ac_ct_CC='gcc'
ac_ct_DUMPBIN=''
am__EXEEXT_FALSE=''
am__EXEEXT_TRUE=''
am__fastdepCC_FALSE=''
am__fastdepCC_TRUE=''
am__include='#'
am__isrc=''
am__leading_dot='.'
am__nodep='_no'
am__quote=''
am__tar='$${TAR-tar} chof - "$$tardir"'
am__untar='$${TAR-tar} xf -'
bindir='${exec_prefix}/bin'
build=''
build_alias=''
build_cpu=''
build_os=''
build_vendor=''
datadir='${datarootdir}'
datarootdir='${prefix}/share'
docdir='${datarootdir}/doc/${PACKAGE_TARNAME}'
dvidir='${docdir}'
exec_prefix='NONE'
host=''
host_alias=''
host_cpu=''
host_os=''
host_vendor=''
htmldir='${docdir}'
includedir='${prefix}/include'
infodir='${datarootdir}/info'
install_sh='${SHELL} /Users/kong.291/Documents/docker/trunk.r382/autoconf/install-sh'
libdir='${exec_prefix}/lib'
libexecdir='${exec_prefix}/libexec'
localedir='${datarootdir}/locale'
localstatedir='${prefix}/var'
mandir='${datarootdir}/man'
mkdir_p='$(MKDIR_P)'
oldincludedir='/usr/include'
pdfdir='${docdir}'
prefix='/Users/kong.291/Documents/test'
program_transform_name='s,x,x,'
psdir='${docdir}'
sbindir='${exec_prefix}/sbin'
sharedstatedir='${prefix}/com'
sysconfdir='${prefix}/etc'
target_alias=''

## ----------- ##
## confdefs.h. ##
## ----------- ##

/* confdefs.h */
#define PACKAGE_NAME "sextractor"
#define PACKAGE_TARNAME "sextractor"
#define PACKAGE_VERSION "2.23.2"
#define PACKAGE_STRING "sextractor 2.23.2"
#define PACKAGE_BUGREPORT "bertin@iap.fr"
#define PACKAGE_URL ""
#define PACKAGE "sextractor"
#define VERSION "2.23.2"
#define DATE "2018-09-02"

configure: exit 77
